GeneralUpdateLib/build/outputs/logs/manifest-merger-debug-report.txt
-- Merging decision tree log ---
manifest
ADDED from GeneralUpdateLib\AndroidManifest.xml:2:1-34:12
	xmlns:android
		ADDED from GeneralUpdateLib\AndroidManifest.xml:2:11-69
	package
		ADDED from GeneralUpdateLib\AndroidManifest.xml:3:5-35
	android:versionName
		ADDED from GeneralUpdateLib\AndroidManifest.xml:5:5-30
		INJECTED from GeneralUpdateLib\AndroidManifest.xml
		INJECTED from GeneralUpdateLib\AndroidManifest.xml
	android:versionCode
		ADDED from GeneralUpdateLib\AndroidManifest.xml:4:5-28
		INJECTED from GeneralUpdateLib\AndroidManifest.xml
		INJECTED from GeneralUpdateLib\AndroidManifest.xml
uses-sdk
ADDED from GeneralUpdateLib\AndroidManifest.xml:7:5-43
	android:targetSdkVersion
		INJECTED from GeneralUpdateLib\AndroidManifest.xml
		INJECTED from GeneralUpdateLib\AndroidManifest.xml
	android:minSdkVersion
		ADDED from GeneralUpdateLib\AndroidManifest.xml:7:15-40
		INJECTED from GeneralUpdateLib\AndroidManifest.xml
		INJECTED from GeneralUpdateLib\AndroidManifest.xml
uses-permission#android.permission.INTERNET
ADDED from GeneralUpdateLib\AndroidManifest.xml:10:5-67
	android:name
		ADDED from GeneralUpdateLib\AndroidManifest.xml:10:22-64
uses-permission#android.permission.MOUNT_UNMOUNT_FILESYSTEMS
ADDED from GeneralUpdateLib\AndroidManifest.xml:12:5-84
	android:name
		ADDED from GeneralUpdateLib\AndroidManifest.xml:12:22-81
uses-permission#android.permission.WRITE_EXTERNAL_STORAGE
ADDED from GeneralUpdateLib\AndroidManifest.xml:13:5-81
	android:name
		ADDED from GeneralUpdateLib\AndroidManifest.xml:13:22-78
uses-permission#android.permission.READ_EXTERNAL_STORAGE
ADDED from GeneralUpdateLib\AndroidManifest.xml:14:5-80
	android:name
		ADDED from GeneralUpdateLib\AndroidManifest.xml:14:22-77
uses-permission#android.permission.ACCESS_NETWORK_STATE
ADDED from GeneralUpdateLib\AndroidManifest.xml:16:5-79
	android:name
		ADDED from GeneralUpdateLib\AndroidManifest.xml:16:22-76
uses-permission#android.permission.ACCESS_WIFI_STATE
ADDED from GeneralUpdateLib\AndroidManifest.xml:17:5-76
	android:name
		ADDED from GeneralUpdateLib\AndroidManifest.xml:17:22-73
application
ADDED from GeneralUpdateLib\AndroidManifest.xml:19:5-33:19
	android:label
		ADDED from GeneralUpdateLib\AndroidManifest.xml:22:9-41
	android:allowBackup
		ADDED from GeneralUpdateLib\AndroidManifest.xml:20:9-36
	android:icon
		ADDED from GeneralUpdateLib\AndroidManifest.xml:21:9-45
	android:theme
		ADDED from GeneralUpdateLib\AndroidManifest.xml:23:9-40
activity#com.hb.generalupdate.TestTwoActivity
ADDED from GeneralUpdateLib\AndroidManifest.xml:24:9-32:20
	android:label
		ADDED from GeneralUpdateLib\AndroidManifest.xml:26:13-56
	android:name
		ADDED from GeneralUpdateLib\AndroidManifest.xml:25:13-64
intent-filter#android.intent.action.MAIN+android.intent.category.LAUNCHER
ADDED from GeneralUpdateLib\AndroidManifest.xml:27:13-31:29
action#android.intent.action.MAIN
ADDED from GeneralUpdateLib\AndroidManifest.xml:28:17-69
	android:name
		ADDED from GeneralUpdateLib\AndroidManifest.xml:28:25-66
category#android.intent.category.LAUNCHER
ADDED from GeneralUpdateLib\AndroidManifest.xml:30:17-77
	android:name
		ADDED from GeneralUpdateLib\AndroidManifest.xml:30:27-74